<?xml version="1.0" encoding="UTF-8"?>
<!-- Generated by org.testng.reporters.JUnitReportReporter -->
<testsuite hostname="DESKTOP-HKCKDU7" name="com.homeDepot.test.BlindsTest" tests="1" failures="0" timestamp="8 Jun 2018 23:48:22 GMT" time="38.147" errors="0">
  <testcase name="blindsTest" time="38.147" classname="com.homeDepot.test.BlindsTest"/>
</testsuite> <!-- com.homeDepot.test.BlindsTest -->
